CRITICAL - 2024-07-14 17:27:52 --> Error: Call to undefined function App\Controllers\verifyCaptcha()
[Method: POST, Route: form-submit]
in APPPATH\Controllers\Home.php on line 17.
 1 SYSTEMPATH\CodeIgniter.php(933): App\Controllers\Home->formTest()
 2 SYSTEMPATH\CodeIgniter.php(509): CodeIgniter\CodeIgniter->runController(Object(App\Controllers\Home))
 3 SYSTEMPATH\CodeIgniter.php(355): CodeIgniter\CodeIgniter->handleRequest(null, Object(Config\Cache), false)
 4 SYSTEMPATH\Boot.php(325): CodeIgniter\CodeIgniter->run()
 5 SYSTEMPATH\Boot.php(67): CodeIgniter\Boot::runCodeIgniter(Object(CodeIgniter\CodeIgniter))
 6 FCPATH\index.php(56): CodeIgniter\Boot::bootWeb(Object(Config\Paths))
 7 SYSTEMPATH\rewrite.php(44): require_once('D:\\codeigniter4-framework-be27314\\public\\index.php')
CRITICAL - 2024-07-14 17:30:32 --> Error: Call to undefined function App\Controllers\verifyCaptcha()
[Method: POST, Route: form-submit]
in APPPATH\Controllers\Home.php on line 17.
 1 SYSTEMPATH\CodeIgniter.php(933): App\Controllers\Home->formTest()
 2 SYSTEMPATH\CodeIgniter.php(509): CodeIgniter\CodeIgniter->runController(Object(App\Controllers\Home))
 3 SYSTEMPATH\CodeIgniter.php(355): CodeIgniter\CodeIgniter->handleRequest(null, Object(Config\Cache), false)
 4 SYSTEMPATH\Boot.php(325): CodeIgniter\CodeIgniter->run()
 5 SYSTEMPATH\Boot.php(67): CodeIgniter\Boot::runCodeIgniter(Object(CodeIgniter\CodeIgniter))
 6 FCPATH\index.php(56): CodeIgniter\Boot::bootWeb(Object(Config\Paths))
 7 SYSTEMPATH\rewrite.php(44): require_once('D:\\codeigniter4-framework-be27314\\public\\index.php')
